Using pre-set license
Built from '2020.3/staging' branch; Version is '2020.3.5f1 (8095aa901b9b) revision 8426922'; Using compiler version '192528614'; Build Type 'Release'
OS: 'Windows 10 Home; OS build 19042.1083; Version 2009; 64bit' Language: 'it' Physical Memory: 16230 MB
BatchMode: 1, IsHumanControllingUs: 0, StartBugReporterOnCrash: 0, Is64bit: 1, IsPro: 0

 COMMAND LINE ARGUMENTS:
C:\Program Files\Unity\Hub\Editor\2020.3.5f1\Editor\Unity.exe
-adb2
-batchMode
-noUpm
-name
AssetImportWorker0
-projectPath
D:/altro/Networking2020
-logFile
Logs/AssetImportWorker0.log
-srvPort
62396
Successfully changed project path to: D:/altro/Networking2020
D:/altro/Networking2020
Using Asset Import Pipeline V2.
Refreshing native plugins compatible for Editor in 25.25 ms, found 0 plugins.
Preloading 0 native plugins for Editor in 0.00 ms.
Initialize engine version: 2020.3.5f1 (8095aa901b9b)
[Subsystems] Discovering subsystems at path C:/Program Files/Unity/Hub/Editor/2020.3.5f1/Editor/Data/Resources/UnitySubsystems
[Subsystems] Discovering subsystems at path D:/altro/Networking2020/Assets
GfxDevice: creating device client; threaded=0
Direct3D:
    Version:  Direct3D 11.0 [level 11.1]
    Renderer: NVIDIA GeForce GTX 1650 with Max-Q Design (ID=0x1f91)
    Vendor:   
    VRAM:     3962 MB
    Driver:   27.21.14.6109
Initialize mono
Mono path[0] = 'C:/Program Files/Unity/Hub/Editor/2020.3.5f1/Editor/Data/Managed'
Mono path[1] = 'C:/Program Files/Unity/Hub/Editor/2020.3.5f1/Editor/Data/MonoBleedingEdge/lib/mono/unityjit'
Mono config path = 'C:/Program Files/Unity/Hub/Editor/2020.3.5f1/Editor/Data/MonoBleedingEdge/etc'
Using monoOptions --debugger-agent=transport=dt_socket,embedding=1,server=y,suspend=n,address=127.0.0.1:56964
Begin MonoManager ReloadAssembly
Registering precompiled unity dll's ...
Register platform support module: C:/Program Files/Unity/Hub/Editor/2020.3.5f1/Editor/Data/PlaybackEngines/WindowsStandaloneSupport/UnityEditor.WindowsStandalone.Extensions.dll
Registered in 0.002076 seconds.
Native extension for WindowsStandalone target not found
Refreshing native plugins compatible for Editor in 23.22 ms, found 0 plugins.
Preloading 0 native plugins for Editor in 0.00 ms.
Mono: successfully reloaded assembly
- Completed reload, in  0.932 seconds
Platform modules already initialized, skipping
Registering precompiled user dll's ...
Registered in 0.002146 seconds.
Begin MonoManager ReloadAssembly
Native extension for WindowsStandalone target not found
Refreshing native plugins compatible for Editor in 0.21 ms, found 0 plugins.
Preloading 0 native plugins for Editor in 0.00 ms.
Mono: successfully reloaded assembly
- Completed reload, in  0.783 seconds
Platform modules already initialized, skipping
========================================================================
Worker process is ready to serve import requests
Launched and connected shader compiler UnityShaderCompiler.exe after 0.05 seconds
Refreshing native plugins compatible for Editor in 0.21 ms, found 0 plugins.
Preloading 0 native plugins for Editor in 0.00 ms.
Unloading 1241 Unused Serialized files (Serialized files now loaded: 0)
System memory in use before: 61.6 MB.
System memory in use after: 61.7 MB.

Unloading 13 unused Assets to reduce memory usage. Loaded Objects now: 1680.
Total: 1.725600 ms (FindLiveObjects: 0.117400 ms CreateObjectMapping: 0.037500 ms MarkObjects: 1.511300 ms  DeleteObjects: 0.058400 ms)

========================================================================
Received Import Request.
  path: Assets/prefabs/Player.prefab
  artifactKey: Guid(25168a8a891f4044e9e23e899b8b025a) Importer(815301076,1909f56bfc062723c751e8b465ee728b)
Start importing Assets/prefabs/Player.prefab using Guid(25168a8a891f4044e9e23e899b8b025a) Importer(815301076,1909f56bfc062723c751e8b465ee728b)  -> (artifact id: '21095096230e8afbbc188977f4dba31e') in 0.195937 seconds
  Import took 0.234073 seconds .

========================================================================
Received Prepare
Refreshing native plugins compatible for Editor in 1.16 ms, found 0 plugins.
Preloading 0 native plugins for Editor in 0.00 ms.
Unloading 7 Unused Serialized files (Serialized files now loaded: 0)
System memory in use before: 40.8 MB.
System memory in use after: 40.9 MB.

Unloading 8 unused Assets to reduce memory usage. Loaded Objects now: 1692.
Total: 2.010200 ms (FindLiveObjects: 0.116700 ms CreateObjectMapping: 0.034400 ms MarkObjects: 1.836300 ms  DeleteObjects: 0.021700 ms)

========================================================================
Received Import Request.
  Time since last request: 3.686514 seconds.
  path: Assets/prefabs/Player.prefab
  artifactKey: Guid(25168a8a891f4044e9e23e899b8b025a) Importer(815301076,1909f56bfc062723c751e8b465ee728b)
Start importing Assets/prefabs/Player.prefab using Guid(25168a8a891f4044e9e23e899b8b025a) Importer(815301076,1909f56bfc062723c751e8b465ee728b)  -> (artifact id: 'd06788eaa5d1cbf551e0b3860a89cf4f') in 0.008838 seconds
  Import took 0.011555 seconds .

========================================================================
Received Import Request.
  Time since last request: 0.627493 seconds.
  path: Assets/prefabs/Player.prefab
  artifactKey: Guid(25168a8a891f4044e9e23e899b8b025a) Importer(815301076,1909f56bfc062723c751e8b465ee728b)
Start importing Assets/prefabs/Player.prefab using Guid(25168a8a891f4044e9e23e899b8b025a) Importer(815301076,1909f56bfc062723c751e8b465ee728b)  -> (artifact id: 'b9729d047098812131c3e7657e20ee6b') in 0.008729 seconds
  Import took 0.130018 seconds .

========================================================================
Received Import Request.
  Time since last request: 1.459170 seconds.
  path: Assets/prefabs/Player.prefab
  artifactKey: Guid(25168a8a891f4044e9e23e899b8b025a) Importer(815301076,1909f56bfc062723c751e8b465ee728b)
Start importing Assets/prefabs/Player.prefab using Guid(25168a8a891f4044e9e23e899b8b025a) Importer(815301076,1909f56bfc062723c751e8b465ee728b)  -> (artifact id: '45fdc2ed27e804ca8f5a7f9fc0765dc7') in 0.009459 seconds
  Import took 0.111670 seconds .

========================================================================
Received Import Request.
  Time since last request: 8.798863 seconds.
  path: Assets/prefabs/Player.prefab
  artifactKey: Guid(25168a8a891f4044e9e23e899b8b025a) Importer(815301076,1909f56bfc062723c751e8b465ee728b)
Start importing Assets/prefabs/Player.prefab using Guid(25168a8a891f4044e9e23e899b8b025a) Importer(815301076,1909f56bfc062723c751e8b465ee728b)  -> (artifact id: '9d3674c4cfe428fbd32a3076b9daa089') in 0.009819 seconds
  Import took 0.012797 seconds .

========================================================================
Received Prepare
Registering precompiled user dll's ...
Registered in 0.001855 seconds.
Begin MonoManager ReloadAssembly
Native extension for WindowsStandalone target not found
Refreshing native plugins compatible for Editor in 0.21 ms, found 0 plugins.
Preloading 0 native plugins for Editor in 0.00 ms.
Mono: successfully reloaded assembly
- Completed reload, in  0.758 seconds
Platform modules already initialized, skipping
Refreshing native plugins compatible for Editor in 0.23 ms, found 0 plugins.
Preloading 0 native plugins for Editor in 0.00 ms.
Unloading 1236 Unused Serialized files (Serialized files now loaded: 0)
System memory in use before: 64.9 MB.
System memory in use after: 64.9 MB.

Unloading 10 unused Assets to reduce memory usage. Loaded Objects now: 1694.
Total: 2.026000 ms (FindLiveObjects: 0.151600 ms CreateObjectMapping: 0.034800 ms MarkObjects: 1.812100 ms  DeleteObjects: 0.025700 ms)

========================================================================
Received Prepare
Registering precompiled user dll's ...
Registered in 0.001943 seconds.
Begin MonoManager ReloadAssembly
Native extension for WindowsStandalone target not found
Refreshing native plugins compatible for Editor in 0.21 ms, found 0 plugins.
Preloading 0 native plugins for Editor in 0.00 ms.
Mono: successfully reloaded assembly
- Completed reload, in  0.719 seconds
Platform modules already initialized, skipping
Refreshing native plugins compatible for Editor in 0.32 ms, found 0 plugins.
Preloading 0 native plugins for Editor in 0.00 ms.
Unloading 1236 Unused Serialized files (Serialized files now loaded: 0)
System memory in use before: 64.9 MB.
System memory in use after: 65.0 MB.

Unloading 8 unused Assets to reduce memory usage. Loaded Objects now: 1696.
Total: 1.715400 ms (FindLiveObjects: 0.136200 ms CreateObjectMapping: 0.041300 ms MarkObjects: 1.523500 ms  DeleteObjects: 0.013200 ms)

AssetImportWorkerClient::OnTransportError - code=2 error=End of file
